# JRE version: Java(TM) SE Runtime Environment (8.0_45-b14) (build 1.8.0_45-b14)
# Java VM: Java HotSpot(TM) 64-Bit Server VM (25.45-b02 mixed mode linux-amd64 compressed oops)
Heap:
 PSYoungGen      total 16384K, used 5958K [0x00000000ebf00000, 0x00000000ed000000, 0x0000000100000000)
  eden space 15872K, 36% used [0x00000000ebf00000,0x00000000ec4a9b20,0x00000000ece80000)
  from space 512K, 31% used [0x00000000ecf80000,0x00000000ecfa8000,0x00000000ed000000)
  to   space 512K, 0% used [0x00000000ecf00000,0x00000000ecf00000,0x00000000ecf80000)
 ParOldGen       total 42496K, used 3577K [0x00000000c3c00000, 0x00000000c6580000, 0x00000000ebf00000)
  object space 42496K, 8% used [0x00000000c3c00000,0x00000000c3f7e5c8,0x00000000c6580000)
 Metaspace       used 8830K, capacity 9130K, committed 9344K, reserved 1056768K
  class space    used 962K, capacity 1033K, committed 1152K, reserved 1048576K
GC Heap History (10 events):
Event: 425.159 GC heap before
{Heap before GC invocations=43 (full 1):
 PSYoungGen      total 16384K, used 16064K [0x00000000ebf00000, 0x00000000ed000000, 0x0000000100000000)
  eden space 15872K, 100% used [0x00000000ebf00000,0x00000000ece80000,0x00000000ece80000)
  from space 512K, 37% used [0x00000000ecf00000,0x00000000ecf30000,0x00000000ecf80000)
  to   space 512K, 0% used [0x00000000ecf80000,0x00000000ecf80000,0x00000000ed000000)
 ParOldGen       total 42496K, used 3385K [0x00000000c3c00000, 0x00000000c6580000, 0x00000000ebf00000)
  object space 42496K, 7% used [0x00000000c3c00000,0x00000000c3f4e588,0x00000000c6580000)
 Metaspace       used 8830K, capacity 9130K, committed 9344K, reserved 1056768K
  class space    used 962K, capacity 1033K, committed 1152K, reserved 1048576K
Event: 425.160 GC heap after
Heap after GC invocations=43 (full 1):
 PSYoungGen      total 16384K, used 192K [0x00000000ebf00000, 0x00000000ed000000, 0x0000000100000000)
  eden space 15872K, 0% used [0x00000000ebf00000,0x00000000ebf00000,0x00000000ece80000)
  from space 512K, 37% used [0x00000000ecf80000,0x00000000ecfb0000,0x00000000ed000000)
  to   space 512K, 0% used [0x00000000ecf00000,0x00000000ecf00000,0x00000000ecf80000)
 ParOldGen       total 42496K, used 3409K [0x00000000c3c00000, 0x00000000c6580000, 0x00000000ebf00000)
  object space 42496K, 8% used [0x00000000c3c00000,0x00000000c3f54588,0x00000000c6580000)
 Metaspace       used 8830K, capacity 9130K, committed 9344K, reserved 1056768K
  class space    used 962K, capacity 1033K, committed 1152K, reserved 1048576K
}
Event: 435.577 GC heap before
{Heap before GC invocations=44 (full 1):
 PSYoungGen      total 16384K, used 16064K [0x00000000ebf00000, 0x00000000ed000000, 0x0000000100000000)
  eden space 15872K, 100% used [0x00000000ebf00000,0x00000000ece80000,0x00000000ece80000)
  from space 512K, 37% used [0x00000000ecf80000,0x00000000ecfb0000,0x00000000ed000000)
  to   space 512K, 0% used [0x00000000ecf00000,0x00000000ecf00000,0x00000000ecf80000)
 ParOldGen       total 42496K, used 3409K [0x00000000c3c00000, 0x00000000c6580000, 0x00000000ebf00000)
  object space 42496K, 8% used [0x00000000c3c00000,0x00000000c3f54588,0x00000000c6580000)
 Metaspace       used 8830K, capacity 9130K, committed 9344K, reserved 1056768K
  class space    used 962K, capacity 1033K, committed 1152K, reserved 1048576K
Event: 435.578 GC heap after
Heap after GC invocations=44 (full 1):
 PSYoungGen      total 16384K, used 192K [0x00000000ebf00000, 0x00000000ed000000, 0x0000000100000000)
  eden space 15872K, 0% used [0x00000000ebf00000,0x00000000ebf00000,0x00000000ece80000)
  from space 512K, 37% used [0x00000000ecf00000,0x00000000ecf30000,0x00000000ecf80000)
  to   space 512K, 0% used [0x00000000ecf80000,0x00000000ecf80000,0x00000000ed000000)
 ParOldGen       total 42496K, used 3481K [0x00000000c3c00000, 0x00000000c6580000, 0x00000000ebf00000)
  object space 42496K, 8% used [0x00000000c3c00000,0x00000000c3f665c8,0x00000000c6580000)
 Metaspace       used 8830K, capacity 9130K, committed 9344K, reserved 1056768K
  class space    used 962K, capacity 1033K, committed 1152K, reserved 1048576K
}
Event: 445.924 GC heap before
{Heap before GC invocations=45 (full 1):
 PSYoungGen      total 16384K, used 16064K [0x00000000ebf00000, 0x00000000ed000000, 0x0000000100000000)
  eden space 15872K, 100% used [0x00000000ebf00000,0x00000000ece80000,0x00000000ece80000)
  from space 512K, 37% used [0x00000000ecf00000,0x00000000ecf30000,0x00000000ecf80000)
  to   space 512K, 0% used [0x00000000ecf80000,0x00000000ecf80000,0x00000000ed000000)
 ParOldGen       total 42496K, used 3481K [0x00000000c3c00000, 0x00000000c6580000, 0x00000000ebf00000)
  object space 42496K, 8% used [0x00000000c3c00000,0x00000000c3f665c8,0x00000000c6580000)
 Metaspace       used 8830K, capacity 9130K, committed 9344K, reserved 1056768K
  class space    used 962K, capacity 1033K, committed 1152K, reserved 1048576K
Event: 445.925 GC heap after
Heap after GC invocations=45 (full 1):
 PSYoungGen      total 16384K, used 160K [0x00000000ebf00000, 0x00000000ed000000, 0x0000000100000000)
  eden space 15872K, 0% used [0x00000000ebf00000,0x00000000ebf00000,0x00000000ece80000)
  from space 512K, 31% used [0x00000000ecf80000,0x00000000ecfa8000,0x00000000ed000000)
  to   space 512K, 0% used [0x00000000ecf00000,0x00000000ecf00000,0x00000000ecf80000)
 ParOldGen       total 42496K, used 3513K [0x00000000c3c00000, 0x00000000c6580000, 0x00000000ebf00000)
  object space 42496K, 8% used [0x00000000c3c00000,0x00000000c3f6e5c8,0x00000000c6580000)
 Metaspace       used 8830K, capacity 9130K, committed 9344K, reserved 1056768K
  class space    used 962K, capacity 1033K, committed 1152K, reserved 1048576K
}
Event: 456.740 GC heap before
{Heap before GC invocations=46 (full 1):
 PSYoungGen      total 16384K, used 16032K [0x00000000ebf00000, 0x00000000ed000000, 0x0000000100000000)
  eden space 15872K, 100% used [0x00000000ebf00000,0x00000000ece80000,0x00000000ece80000)
  from space 512K, 31% used [0x00000000ecf80000,0x00000000ecfa8000,0x00000000ed000000)
  to   space 512K, 0% used [0x00000000ecf00000,0x00000000ecf00000,0x00000000ecf80000)
 ParOldGen       total 42496K, used 3513K [0x00000000c3c00000, 0x00000000c6580000, 0x00000000ebf00000)
  object space 42496K, 8% used [0x00000000c3c00000,0x00000000c3f6e5c8,0x00000000c6580000)
 Metaspace       used 8830K, capacity 9130K, committed 9344K, reserved 1056768K
  class space    used 962K, capacity 1033K, committed 1152K, reserved 1048576K
Event: 456.741 GC heap after
Heap after GC invocations=46 (full 1):
 PSYoungGen      total 16384K, used 192K [0x00000000ebf00000, 0x00000000ed000000, 0x0000000100000000)
  eden space 15872K, 0% used [0x00000000ebf00000,0x00000000ebf00000,0x00000000ece80000)
  from space 512K, 37% used [0x00000000ecf00000,0x00000000ecf30000,0x00000000ecf80000)
  to   space 512K, 0% used [0x00000000ecf80000,0x00000000ecf80000,0x00000000ed000000)
 ParOldGen       total 42496K, used 3553K [0x00000000c3c00000, 0x00000000c6580000, 0x00000000ebf00000)
  object space 42496K, 8% used [0x00000000c3c00000,0x00000000c3f785c8,0x00000000c6580000)
 Metaspace       used 8830K, capacity 9130K, committed 9344K, reserved 1056768K
  class space    used 962K, capacity 1033K, committed 1152K, reserved 1048576K
}
Event: 467.224 GC heap before
{Heap before GC invocations=47 (full 1):
 PSYoungGen      total 16384K, used 16064K [0x00000000ebf00000, 0x00000000ed000000, 0x0000000100000000)
  eden space 15872K, 100% used [0x00000000ebf00000,0x00000000ece80000,0x00000000ece80000)
  from space 512K, 37% used [0x00000000ecf00000,0x00000000ecf30000,0x00000000ecf80000)
  to   space 512K, 0% used [0x00000000ecf80000,0x00000000ecf80000,0x00000000ed000000)
 ParOldGen       total 42496K, used 3553K [0x00000000c3c00000, 0x00000000c6580000, 0x00000000ebf00000)
  object space 42496K, 8% used [0x00000000c3c00000,0x00000000c3f785c8,0x00000000c6580000)
 Metaspace       used 8830K, capacity 9130K, committed 9344K, reserved 1056768K
  class space    used 962K, capacity 1033K, committed 1152K, reserved 1048576K
Event: 467.226 GC heap after
Heap after GC invocations=47 (full 1):
 PSYoungGen      total 16384K, used 160K [0x00000000ebf00000, 0x00000000ed000000, 0x0000000100000000)
  eden space 15872K, 0% used [0x00000000ebf00000,0x00000000ebf00000,0x00000000ece80000)
  from space 512K, 31% used [0x00000000ecf80000,0x00000000ecfa8000,0x00000000ed000000)
  to   space 512K, 0% used [0x00000000ecf00000,0x00000000ecf00000,0x00000000ecf80000)
 ParOldGen       total 42496K, used 3577K [0x00000000c3c00000, 0x00000000c6580000, 0x00000000ebf00000)
  object space 42496K, 8% used [0x00000000c3c00000,0x00000000c3f7e5c8,0x00000000c6580000)
 Metaspace       used 8830K, capacity 9130K, committed 9344K, reserved 1056768K
  class space    used 962K, capacity 1033K, committed 1152K, reserved 1048576K
}

